2023-03-05 10:21:38,507 INFO [main] c.l.c.LoggerTest [StartupInfoLogger.java:50] Starting LoggerTest on xilou37 with PID 13668 (started by Administrator in D:\data\ideaprojects\community)
2023-03-05 10:21:38,509 INFO [main] c.l.c.LoggerTest [SpringApplication.java:675] No active profile set, falling back to default profiles: default
2023-03-05 10:21:41,226 INFO [main] o.s.s.c.ThreadPoolTaskExecutor [ExecutorConfigurationSupport.java:171] Initializing ExecutorService 'applicationTaskExecutor'
2023-03-05 10:21:41,641 INFO [main] o.s.b.a.w.s.WelcomePageHandlerMapping [WelcomePageHandlerMapping.java:61] Adding welcome page template: index
2023-03-05 10:21:42,027 INFO [main] c.l.c.LoggerTest [StartupInfoLogger.java:59] Started LoggerTest in 4.145 seconds (JVM running for 5.373)
2023-03-05 10:21:42,311 INFO [main] c.l.c.LoggerTest [LoggerTest.java:24] info log
2023-03-05 10:21:42,332 INFO [Thread-3] o.s.s.c.ThreadPoolTaskExecutor [ExecutorConfigurationSupport.java:208] Shutting down ExecutorService 'applicationTaskExecutor'
2023-03-05 10:23:32,485 INFO [main] c.l.c.LoggerTest [StartupInfoLogger.java:50] Starting LoggerTest on xilou37 with PID 14192 (started by Administrator in D:\data\ideaprojects\community)
2023-03-05 10:23:32,487 INFO [main] c.l.c.LoggerTest [SpringApplication.java:675] No active profile set, falling back to default profiles: default
2023-03-05 10:23:35,661 INFO [main] o.s.s.c.ThreadPoolTaskExecutor [ExecutorConfigurationSupport.java:171] Initializing ExecutorService 'applicationTaskExecutor'
2023-03-05 10:23:36,177 INFO [main] o.s.b.a.w.s.WelcomePageHandlerMapping [WelcomePageHandlerMapping.java:61] Adding welcome page template: index
2023-03-05 10:23:36,631 INFO [main] c.l.c.LoggerTest [StartupInfoLogger.java:59] Started LoggerTest in 4.635 seconds (JVM running for 5.844)
2023-03-05 10:23:36,887 INFO [main] c.l.c.LoggerTest [LoggerTest.java:24] info log
2023-03-05 10:23:36,902 INFO [Thread-3] o.s.s.c.ThreadPoolTaskExecutor [ExecutorConfigurationSupport.java:208] Shutting down ExecutorService 'applicationTaskExecutor'
2023-03-05 10:26:41,874 INFO [main] c.l.c.LoggerTest [StartupInfoLogger.java:50] Starting LoggerTest on xilou37 with PID 5428 (started by Administrator in D:\data\ideaprojects\community)
2023-03-05 10:26:41,875 INFO [main] c.l.c.LoggerTest [SpringApplication.java:675] No active profile set, falling back to default profiles: default
2023-03-05 10:26:44,123 INFO [main] o.s.s.c.ThreadPoolTaskExecutor [ExecutorConfigurationSupport.java:171] Initializing ExecutorService 'applicationTaskExecutor'
2023-03-05 10:26:44,405 INFO [main] o.s.b.a.w.s.WelcomePageHandlerMapping [WelcomePageHandlerMapping.java:61] Adding welcome page template: index
2023-03-05 10:26:44,750 INFO [main] c.l.c.LoggerTest [StartupInfoLogger.java:59] Started LoggerTest in 3.268 seconds (JVM running for 4.465)
2023-03-05 10:26:44,956 INFO [main] c.l.c.LoggerTest [LoggerTest.java:24] info log
2023-03-05 10:26:44,970 INFO [Thread-3] o.s.s.c.ThreadPoolTaskExecutor [ExecutorConfigurationSupport.java:208] Shutting down ExecutorService 'applicationTaskExecutor'
